Running in Lattice mode


Starting:    C:\lscc\iCEcube2.2017.08\synpbase\bin64\mbin\synbatch.exe
Install:     C:\lscc\iCEcube2.2017.08\synpbase
Hostname:    WIN-CQLDUHAV644
Date:        Wed Jun 05 04:44:30 2019
Version:     L-2016.09L+ice40

Arguments:   -product synplify_pro -batch mylab5_syn.prj
ProductType: synplify_pro





log file: "D:\PhotonUser\blahlab5\mylab5\mylab5_Implmnt\mylab5.srr"
Running: mylab5_Implmnt in foreground

Running mylab5_syn|mylab5_Implmnt

Running: compile (Compile) on mylab5_syn|mylab5_Implmnt
# Wed Jun 05 04:44:30 2019

Running: compile_flow (Compile Process) on mylab5_syn|mylab5_Implmnt
# Wed Jun 05 04:44:30 2019

Running: compiler (Compile Input) on mylab5_syn|mylab5_Implmnt
# Wed Jun 05 04:44:30 2019
Copied D:\PhotonUser\blahlab5\mylab5\mylab5_Implmnt\synwork\mylab5_comp.srs to D:\PhotonUser\blahlab5\mylab5\mylab5_Implmnt\mylab5.srs

compiler completed
# Wed Jun 05 04:44:32 2019

Return Code: 0
Run Time:00h:00m:02s

Running: multi_srs_gen (Multi-srs Generator) on mylab5_syn|mylab5_Implmnt
# Wed Jun 05 04:44:32 2019

multi_srs_gen completed
# Wed Jun 05 04:44:32 2019

Return Code: 0
Run Time:00h:00m:00s
Copied D:\PhotonUser\blahlab5\mylab5\mylab5_Implmnt\synwork\mylab5_mult.srs to D:\PhotonUser\blahlab5\mylab5\mylab5_Implmnt\mylab5.srs
Complete: Compile Process on mylab5_syn|mylab5_Implmnt

Running: premap (Pre-mapping) on mylab5_syn|mylab5_Implmnt
# Wed Jun 05 04:44:32 2019

premap completed with warnings
# Wed Jun 05 04:44:33 2019

Return Code: 1
Run Time:00h:00m:01s
Complete: Compile on mylab5_syn|mylab5_Implmnt

Running: map (Map) on mylab5_syn|mylab5_Implmnt
# Wed Jun 05 04:44:33 2019
License granted for 4 parallel jobs

Running: fpga_mapper (Map & Optimize) on mylab5_syn|mylab5_Implmnt
# Wed Jun 05 04:44:33 2019
Copied D:\PhotonUser\blahlab5\mylab5\mylab5_Implmnt\synwork\mylab5_m.srm to D:\PhotonUser\blahlab5\mylab5\mylab5_Implmnt\mylab5.srm

fpga_mapper completed with warnings
# Wed Jun 05 04:44:41 2019

Return Code: 1
Run Time:00h:00m:08s
Complete: Map on mylab5_syn|mylab5_Implmnt
Complete: Logic Synthesis on mylab5_syn|mylab5_Implmnt

exit status=0

exit status=0

