# Synopsys Constraint Checker, version maplat, Build 1612R, built Dec  5 2016
# Copyright (C) 1994-2016 Synopsys, Inc. All rights reserved. This Synopsys software and all associated documentation are proprietary to Synopsys, Inc. and may only be used pursuant to the terms and conditions of a written license agreement with Synopsys, Inc. All other use, reproduction, modification, or distribution of the Synopsys software or the associated documentation is strictly prohibited.

# Written on Wed Jun 05 04:44:33 2019


##### DESIGN INFO #######################################################

Top View:                "latticehx1k"
Constraint File(s):      (none)




##### SUMMARY ############################################################

Found 0 issues in 0 out of 0 constraints


##### DETAILS ############################################################



Clock Relationships
*******************

Starting                                     Ending                                       |     rise to rise     |     fall to fall     |     rise to fall     |     fall to rise                     
-----------------------------------------------------------------------------------------------------------------------------------------------------------------------------------------------------
System                                       latticehx1k_pll|PLLOUTCORE_derived_clock     |     No paths         |     No paths         |     No paths         |     252.545                          
latticehx1k_pll|PLLOUTCORE_derived_clock     System                                       |     252.545          |     No paths         |     No paths         |     No paths                         
latticehx1k_pll|PLLOUTCORE_derived_clock     latticehx1k_pll|PLLOUTCORE_derived_clock     |     252.545          |     252.545          |     126.272          |     126.272                          
=====================================================================================================================================================================================================
 Note: 'No paths' indicates there are no paths in the design for that pair of clock edges.
       'Diff grp' indicates that paths exist but the starting clock and ending clock are in different clock groups.


Unconstrained Start/End Points
******************************

p:from_pc
p:led[0]
p:led[1]
p:led[2]
p:led[3]
p:led[4]
p:o_serial_data
p:sd
p:to_ir


Inapplicable constraints
************************

(none)


Applicable constraints with issues
**********************************

(none)


Constraints with matching wildcard expressions
**********************************************

(none)


Library Report
**************


# End of Constraint Checker Report
